-------------------------------------------------------------------------------
Test set: com.sp.model.UserTest
-------------------------------------------------------------------------------
Tests run: 2, Failures: 1, Errors: 0, Skipped: 0, Time elapsed: 0.014 s <<< FAILURE! - in com.sp.model.UserTest
testGetters  Time elapsed: 0.008 s  <<< FAILURE!
org.opentest4j.AssertionFailedError: expected: <true> but was: <false>
	at com.sp.model.UserTest.testGetters(UserTest.java:31)

